<?xml version="1.0" encoding="UTF-8"?>
<!-- Generated by org.testng.reporters.JUnitReportReporter -->
<testsuite hostname="LAPTOP-4BOLQVHO" failures="0" tests="1" name="com.vendora.testcases.TC_Login_001" time="7.586" errors="0" timestamp="11 Feb 2022 20:34:25 GMT" skipped="0">
  <testcase classname="com.vendora.testcases.TC_Login_001" name="Login" time="7.586"/>
</testsuite> <!-- com.vendora.testcases.TC_Login_001 -->
