<?xml version="1.0" encoding="UTF-8"?>
<!-- Generated by org.testng.reporters.JUnitReportReporter -->
<testsuite hostname="LAPTOP-4BOLQVHO" failures="0" tests="7" name="com.vendora.testcases.TC_LoginDDT_003" time="8.788" errors="0" timestamp="11 Feb 2022 20:34:25 GMT" skipped="0">
  <testcase classname="com.vendora.testcases.TC_LoginDDT_003" name="LoginDDT" time="0.736"/>
  <testcase classname="com.vendora.testcases.TC_LoginDDT_003" name="LoginDDT" time="0.670"/>
  <testcase classname="com.vendora.testcases.TC_LoginDDT_003" name="LoginDDT" time="0.679"/>
  <testcase classname="com.vendora.testcases.TC_LoginDDT_003" name="LoginDDT" time="1.808"/>
  <testcase classname="com.vendora.testcases.TC_LoginDDT_003" name="LoginDDT" time="1.942"/>
  <testcase classname="com.vendora.testcases.TC_LoginDDT_003" name="LoginDDT" time="2.111"/>
  <testcase classname="com.vendora.testcases.TC_LoginDDT_003" name="LoginDDT" time="0.842"/>
</testsuite> <!-- com.vendora.testcases.TC_LoginDDT_003 -->
